<?xml version="1.0" encoding="UTF-8"?>
<testsuites name="New Test Suite" time="34" tests="2" failures="0" errors="0">
   <testsuite name="New Test Suite" tests="2" failures="0" errors="0" time="34" timestamp="2018-05-10 10:45:28" hostname="Skynack - 10.80.197.215" id="Test Suites/New Test Suite">
      <properties>
         <property name="deviceName" value=""/>
         <property name="devicePlatform" value=""/>
         <property name="logFolder" value="C:\\Users\\Skynack\\git\\234project-backend\\Reports\\New Test Suite\\20180510_104526"/>
         <property name="logFiles" value="C:\\Users\\Skynack\\git\\234project-backend\\Reports\\New Test Suite\\20180510_104526\\execution0.log"/>
         <property name="attachments" value=""/>
         <property name="hostName" value="Skynack - 10.80.197.215"/>
         <property name="os" value="Windows 10 64bit"/>
         <property name="katalonVersion" value="5.3.1.1"/>
         <property name="browser" value="Chrome 66.0.3359.139"/>
         <property name="hostAddress" value="10.80.197.215"/>
         <property name="sessionId" value="5ba8366333ca0f93f81d882e5d7f3fe7"/>
         <property name="seleniumVersion" value="3.7.1"/>
         <property name="proxyInformation" value="ProxyInformation{proxyOption=NO_PROXY, proxyServerType=HTTP, password=, proxyServerAddress=, proxyServerPort=0}"/>
         <property name="platform" value="Windows 10"/>
      </properties>
      <testcase name="Test Cases/Admin" classname="Test Cases/Admin" status="PASSED">
         <system-out><![CDATA[2018-05-10 10:45:29 - [TEST_CASE][PASSED] - Test Cases/Admin: Test Cases/Admin

2018-05-10 10:45:29 - [TEST_STEP][PASSED] - openBrowser: Browser is opened with url: ''

2018-05-10 10:45:35 - [MESSAGE][PASSED] - Browser is opened with url: ''

2018-05-10 10:45:35 - [TEST_STEP][PASSED] - navigateToUrl: Navigate to 'http://54.68.122.221:8087/' successfully

2018-05-10 10:45:43 - [MESSAGE][PASSED] - Navigate to 'http://54.68.122.221:8087/' successfully

2018-05-10 10:45:43 - [TEST_STEP][PASSED] - setText: Text 'admin' is set on object 'Object Repository/Page_ProjectBackend/input_username'

2018-05-10 10:45:44 - [MESSAGE][PASSED] - Text 'admin' is set on object 'Object Repository/Page_ProjectBackend/input_username'

2018-05-10 10:45:44 - [TEST_STEP][PASSED] - setText: Text 'admin' is set on object 'Object Repository/Page_ProjectBackend/input_password'

2018-05-10 10:45:44 - [MESSAGE][PASSED] - Text 'admin' is set on object 'Object Repository/Page_ProjectBackend/input_password'

2018-05-10 10:45:44 - [TEST_STEP][PASSED] - click: Object: 'Object Repository/Page_ProjectBackend/button_Login' is clicked on

2018-05-10 10:45:44 - [MESSAGE][PASSED] - Object: 'Object Repository/Page_ProjectBackend/button_Login' is clicked on

2018-05-10 10:45:44 - [TEST_STEP][PASSED] - click: Object: 'Object Repository/Page_ProjectBackend/a_Products' is clicked on

2018-05-10 10:45:45 - [MESSAGE][PASSED] - Object: 'Object Repository/Page_ProjectBackend/a_Products' is clicked on

2018-05-10 10:45:45 - [TEST_STEP][PASSED] - click: Object: 'Object Repository/Page_ProjectBackend/a_Total Transaction' is clicked on

2018-05-10 10:45:45 - [MESSAGE][PASSED] - Object: 'Object Repository/Page_ProjectBackend/a_Total Transaction' is clicked on

2018-05-10 10:45:45 - [TEST_STEP][PASSED] - closeBrowser: Browser is closed

2018-05-10 10:45:46 - [MESSAGE][PASSED] - Browser is closed]]></system-out>
         <system-err><![CDATA[]]></system-err>
      </testcase>
      <testcase name="Test Cases/User" classname="Test Cases/User" status="PASSED">
         <system-out><![CDATA[2018-05-10 10:45:46 - [TEST_CASE][PASSED] - Test Cases/User: Test Cases/User

2018-05-10 10:45:46 - [TEST_STEP][PASSED] - openBrowser: Browser is opened with url: ''

2018-05-10 10:45:53 - [MESSAGE][PASSED] - Browser is opened with url: ''

2018-05-10 10:45:53 - [TEST_STEP][PASSED] - navigateToUrl: Navigate to 'http://54.68.122.221:8087/' successfully

2018-05-10 10:46:00 - [MESSAGE][PASSED] - Navigate to 'http://54.68.122.221:8087/' successfully

2018-05-10 10:46:00 - [TEST_STEP][PASSED] - setText: Text 'user' is set on object 'Object Repository/User/Page_ProjectBackend/input_username'

2018-05-10 10:46:00 - [MESSAGE][PASSED] - Text 'user' is set on object 'Object Repository/User/Page_ProjectBackend/input_username'

2018-05-10 10:46:00 - [TEST_STEP][PASSED] - setText: Text 'user' is set on object 'Object Repository/User/Page_ProjectBackend/input_password'

2018-05-10 10:46:01 - [MESSAGE][PASSED] - Text 'user' is set on object 'Object Repository/User/Page_ProjectBackend/input_password'

2018-05-10 10:46:01 - [TEST_STEP][PASSED] - click: Object: 'Object Repository/User/Page_ProjectBackend/button_Login' is clicked on

2018-05-10 10:46:01 - [MESSAGE][PASSED] - Object: 'Object Repository/User/Page_ProjectBackend/button_Login' is clicked on

2018-05-10 10:46:01 - [TEST_STEP][PASSED] - click: Object: 'Object Repository/User/Page_ProjectBackend/a_Products' is clicked on

2018-05-10 10:46:02 - [MESSAGE][PASSED] - Object: 'Object Repository/User/Page_ProjectBackend/a_Products' is clicked on

2018-05-10 10:46:02 - [TEST_STEP][PASSED] - click: Object: 'Object Repository/User/Page_ProjectBackend/a_Carts' is clicked on

2018-05-10 10:46:02 - [MESSAGE][PASSED] - Object: 'Object Repository/User/Page_ProjectBackend/a_Carts' is clicked on

2018-05-10 10:46:02 - [TEST_STEP][PASSED] - closeBrowser: Browser is closed

2018-05-10 10:46:03 - [MESSAGE][PASSED] - Browser is closed]]></system-out>
         <system-err><![CDATA[]]></system-err>
      </testcase>
      <system-out><![CDATA[2018-05-10 10:45:28 - [TEST_SUITE][PASSED] - New Test Suite: Test Cases/User]]></system-out>
      <system-err><![CDATA[]]></system-err>
   </testsuite>
</testsuites>
